<?xml version="1.0" encoding="UTF-8"?>
<!-- Generated by org.testng.reporters.JUnitXMLReporter -->
<testsuite ignored="0" hostname="DESKTOP-PI0A1DS" failures="0" tests="10" name="Surefire test" time="8.344" errors="0" timestamp="2024-04-24T18:47:49 EDT">
  <testcase classname="api.test.DataDTests" name="testPostUser" time="2.416"/>
  <testcase classname="api.test.DataDTests" name="testPostUser" time="0.471"/>
  <testcase classname="api.test.DataDTests" name="testPostUser" time="0.462"/>
  <testcase classname="api.test.DataDTests" name="testDeleteUser" time="0.356"/>
  <testcase classname="api.test.DataDTests" name="testDeleteUser" time="0.483"/>
  <testcase classname="api.test.DataDTests" name="testDeleteUser" time="0.474"/>
  <testcase classname="api.test.UserTests" name="testPostuser" time="0.521"/>
  <testcase classname="api.test.UserTests" name="testGetUserByName" time="0.455"/>
  <testcase classname="api.test.UserTests" name="testUpdateuserByName" time="0.716"/>
  <testcase classname="api.test.UserTests" name="testDeleteUserbyName" time="0.316"/>
</testsuite> <!-- Surefire test -->
