<?xml version="1.0" encoding="UTF-8"?>
<!-- Generated by org.testng.reporters.JUnitXMLReporter -->
<testsuite ignored="0" hostname="DESKTOP-PI0A1DS" failures="0" tests="4" name="petusertest" time="18.7" errors="0" timestamp="2024-04-24T17:33:25 EDT">
  <testcase classname="api.test.UserTests2" name="testPostuser" time="8.412"/>
  <testcase classname="api.test.UserTests2" name="testGetUserByName" time="0.717"/>
  <testcase classname="api.test.UserTests2" name="testUpdateuserByName" time="1.14"/>
  <testcase classname="api.test.UserTests2" name="testDeleteUserbyName" time="0.391"/>
</testsuite> <!-- petusertest -->
